<?xml version="1.0" encoding="UTF-8"?>
<coverage generated="1634060497374" clover="3.2.0">
  <project timestamp="1634060497374" name="All files">
    <metrics statements="26" coveredstatements="17" conditionals="10" coveredconditionals="5" methods="6" coveredmethods="2" elements="42" coveredelements="24" complexity="0" loc="26" ncloc="26" packages="1" files="1" classes="1"/>
    <file name="auth.guard.ts" path="/Users/kyleherceg/Desktop/easey-common/src/guards/auth.guard.ts">
      <metrics statements="26" coveredstatements="17" conditionals="10" coveredconditionals="5" methods="6" coveredmethods="2"/>
      <line num="1" count="1" type="stmt"/>
      <line num="10" count="1" type="stmt"/>
      <line num="11" count="1" type="stmt"/>
      <line num="12" count="1" type="stmt"/>
      <line num="15" count="1" type="stmt"/>
      <line num="17" count="1" type="stmt"/>
      <line num="18" count="1" type="stmt"/>
      <line num="22" count="0" type="stmt"/>
      <line num="24" count="0" type="stmt"/>
      <line num="31" count="0" type="stmt"/>
      <line num="34" count="0" type="cond" truecount="0" falsecount="2"/>
      <line num="35" count="0" type="stmt"/>
      <line num="41" count="3" type="cond" truecount="2" falsecount="0"/>
      <line num="42" count="1" type="stmt"/>
      <line num="45" count="2" type="stmt"/>
      <line num="46" count="2" type="cond" truecount="2" falsecount="2"/>
      <line num="47" count="0" type="stmt"/>
      <line num="50" count="2" type="stmt"/>
      <line num="51" count="2" type="cond" truecount="1" falsecount="1"/>
      <line num="52" count="0" type="stmt"/>
      <line num="55" count="2" type="stmt"/>
      <line num="56" count="2" type="stmt"/>
      <line num="58" count="2" type="stmt"/>
      <line num="60" count="2" type="stmt"/>
      <line num="66" count="0" type="stmt"/>
      <line num="68" count="0" type="stmt"/>
    </file>
  </project>
</coverage>
