TN:
SF:src/guards/auth.guard.ts
FN:16,(anonymous_2)
FN:21,(anonymous_3)
FN:30,(anonymous_4)
FN:33,(anonymous_5)
FN:40,(anonymous_6)
FN:63,(anonymous_7)
FNF:6
FNH:2
FNDA:1,(anonymous_2)
FNDA:0,(anonymous_3)
FNDA:0,(anonymous_4)
FNDA:0,(anonymous_5)
FNDA:3,(anonymous_6)
FNDA:0,(anonymous_7)
DA:1,1
DA:10,1
DA:11,1
DA:12,1
DA:15,1
DA:17,1
DA:18,1
DA:22,0
DA:24,0
DA:31,0
DA:34,0
DA:35,0
DA:41,3
DA:42,1
DA:45,2
DA:46,2
DA:47,0
DA:50,2
DA:51,2
DA:52,0
DA:55,2
DA:56,2
DA:58,2
DA:60,2
DA:66,0
DA:68,0
LF:26
LH:17
BRDA:34,0,0,0
BRDA:34,0,1,0
BRDA:41,1,0,1
BRDA:41,1,1,2
BRDA:46,2,0,0
BRDA:46,2,1,2
BRDA:46,3,0,2
BRDA:46,3,1,0
BRDA:51,4,0,0
BRDA:51,4,1,2
BRF:10
BRH:5
end_of_record
